[ 2015-09-02T15:41:08+08:00 ] 127.0.0.1 /
INFO: [ app_init ] --START--
INFO: Run Behavior\BuildLiteBehavior [ RunTime:0.000019s ]
INFO: [ app_init ] --END-- [ RunTime:0.000497s ]
INFO: [ app_begin ] --START--
INFO: Run Behavior\ReadHtmlCacheBehavior [ RunTime:0.001599s ]
INFO: [ app_begin ] --END-- [ RunTime:0.001713s ]
NOTIC: [2048] Declaration of Home\Controller\IndexController::get() should be compatible with that of Think\Controller::get() /home/coolnet/git/DaoCloudPHPDemo/src/Application/Home/Controller/IndexController.class.php 第 23 行.
INFO: [ view_parse ] --START--
INFO: Run Behavior\ParseTemplateBehavior [ RunTime:0.001040s ]
INFO: [ view_parse ] --END-- [ RunTime:0.001145s ]
INFO: [ view_filter ] --START--
INFO: Run Behavior\WriteHtmlCacheBehavior [ RunTime:0.000302s ]
INFO: [ view_filter ] --END-- [ RunTime:0.000372s ]
INFO: [ app_end ] --START--
INFO: Run Behavior\ShowPageTraceBehavior [ RunTime:0.000454s ]
INFO: [ app_end ] --END-- [ RunTime:0.000520s ]

[ 2015-09-02T15:41:40+08:00 ] 127.0.0.1 /home/index/ip
INFO: [ app_init ] --START--
INFO: Run Behavior\BuildLiteBehavior [ RunTime:0.000018s ]
INFO: [ app_init ] --END-- [ RunTime:0.000247s ]
INFO: [ app_begin ] --START--
INFO: Run Behavior\ReadHtmlCacheBehavior [ RunTime:0.000231s ]
INFO: [ app_begin ] --END-- [ RunTime:0.000297s ]
NOTIC: [2048] Declaration of Home\Controller\IndexController::get() should be compatible with that of Think\Controller::get() /home/coolnet/git/DaoCloudPHPDemo/src/Application/Home/Controller/IndexController.class.php 第 23 行.
INFO: [ app_end ] --START--
INFO: Run Behavior\ShowPageTraceBehavior [ RunTime:0.000267s ]
INFO: [ app_end ] --END-- [ RunTime:0.000365s ]

[ 2015-09-02T15:41:42+08:00 ] 127.0.0.1 /home/index/ip
INFO: [ app_init ] --START--
INFO: Run Behavior\BuildLiteBehavior [ RunTime:0.000019s ]
INFO: [ app_init ] --END-- [ RunTime:0.000225s ]
INFO: [ app_begin ] --START--
INFO: Run Behavior\ReadHtmlCacheBehavior [ RunTime:0.000241s ]
INFO: [ app_begin ] --END-- [ RunTime:0.000314s ]
NOTIC: [2048] Declaration of Home\Controller\IndexController::get() should be compatible with that of Think\Controller::get() /home/coolnet/git/DaoCloudPHPDemo/src/Application/Home/Controller/IndexController.class.php 第 23 行.
INFO: [ app_end ] --START--
INFO: Run Behavior\ShowPageTraceBehavior [ RunTime:0.000232s ]
INFO: [ app_end ] --END-- [ RunTime:0.000295s ]

[ 2015-09-02T15:41:42+08:00 ] 127.0.0.1 /home/index/ip
INFO: [ app_init ] --START--
INFO: Run Behavior\BuildLiteBehavior [ RunTime:0.000017s ]
INFO: [ app_init ] --END-- [ RunTime:0.000213s ]
INFO: [ app_begin ] --START--
INFO: Run Behavior\ReadHtmlCacheBehavior [ RunTime:0.000222s ]
INFO: [ app_begin ] --END-- [ RunTime:0.000286s ]
NOTIC: [2048] Declaration of Home\Controller\IndexController::get() should be compatible with that of Think\Controller::get() /home/coolnet/git/DaoCloudPHPDemo/src/Application/Home/Controller/IndexController.class.php 第 23 行.
INFO: [ app_end ] --START--
INFO: Run Behavior\ShowPageTraceBehavior [ RunTime:0.000305s ]
INFO: [ app_end ] --END-- [ RunTime:0.000379s ]

[ 2015-09-02T15:41:59+08:00 ] 127.0.0.1 /home/index/ip
INFO: [ app_init ] --START--
INFO: Run Behavior\BuildLiteBehavior [ RunTime:0.000016s ]
INFO: [ app_init ] --END-- [ RunTime:0.000209s ]
INFO: [ app_begin ] --START--
INFO: Run Behavior\ReadHtmlCacheBehavior [ RunTime:0.000220s ]
INFO: [ app_begin ] --END-- [ RunTime:0.000283s ]
NOTIC: [2048] Declaration of Home\Controller\IndexController::get() should be compatible with that of Think\Controller::get() /home/coolnet/git/DaoCloudPHPDemo/src/Application/Home/Controller/IndexController.class.php 第 23 行.
INFO: [ view_parse ] --START--
INFO: [ template_filter ] --START--
INFO: Run Behavior\ContentReplaceBehavior [ RunTime:0.000044s ]
INFO: [ template_filter ] --END-- [ RunTime:0.000147s ]
INFO: Run Behavior\ParseTemplateBehavior [ RunTime:0.034069s ]
INFO: [ view_parse ] --END-- [ RunTime:0.034141s ]
INFO: [ view_filter ] --START--
INFO: Run Behavior\WriteHtmlCacheBehavior [ RunTime:0.000128s ]
INFO: [ view_filter ] --END-- [ RunTime:0.000189s ]
INFO: [ app_end ] --START--
INFO: Run Behavior\ShowPageTraceBehavior [ RunTime:0.000318s ]
INFO: [ app_end ] --END-- [ RunTime:0.000392s ]

[ 2015-09-02T15:53:16+08:00 ] 127.0.0.1 /home/index/ip
INFO: [ app_init ] --START--
INFO: Run Behavior\BuildLiteBehavior [ RunTime:0.000035s ]
INFO: [ app_init ] --END-- [ RunTime:0.000391s ]
INFO: [ app_begin ] --START--
INFO: Run Behavior\ReadHtmlCacheBehavior [ RunTime:0.000320s ]
INFO: [ app_begin ] --END-- [ RunTime:0.000414s ]
NOTIC: [2048] Declaration of Home\Controller\IndexController::get() should be compatible with that of Think\Controller::get() /home/coolnet/git/DaoCloudPHPDemo/src/Application/Home/Controller/IndexController.class.php 第 23 行.

