[ 2015-07-10T16:45:29+08:00 ] 127.0.0.1 /
INFO: [ app_init ] --START--
INFO: Run Behavior\BuildLiteBehavior [ RunTime:0.000052s ]
INFO: [ app_init ] --END-- [ RunTime:0.001753s ]
INFO: [ app_begin ] --START--
INFO: Run Behavior\ReadHtmlCacheBehavior [ RunTime:0.003375s ]
INFO: [ app_begin ] --END-- [ RunTime:0.003510s ]
INFO: [ view_parse ] --START--
INFO: [ template_filter ] --START--
INFO: Run Behavior\ContentReplaceBehavior [ RunTime:0.000052s ]
INFO: [ template_filter ] --END-- [ RunTime:0.000165s ]
INFO: Run Behavior\ParseTemplateBehavior [ RunTime:0.013355s ]
INFO: [ view_parse ] --END-- [ RunTime:0.013475s ]
INFO: [ view_filter ] --START--
INFO: Run Behavior\WriteHtmlCacheBehavior [ RunTime:0.002206s ]
INFO: [ view_filter ] --END-- [ RunTime:0.002289s ]
INFO: [ app_end ] --START--
INFO: Run Behavior\ShowPageTraceBehavior [ RunTime:0.003274s ]
INFO: [ app_end ] --END-- [ RunTime:0.003389s ]

[ 2015-07-10T16:47:09+08:00 ] 127.0.0.1 /
INFO: [ app_init ] --START--
INFO: Run Behavior\BuildLiteBehavior [ RunTime:0.000026s ]
INFO: [ app_init ] --END-- [ RunTime:0.000211s ]
INFO: [ app_begin ] --START--
INFO: Run Behavior\ReadHtmlCacheBehavior [ RunTime:0.000136s ]
INFO: [ app_begin ] --END-- [ RunTime:0.000219s ]
INFO: [ view_parse ] --START--
INFO: Run Behavior\ParseTemplateBehavior [ RunTime:0.001911s ]
INFO: [ view_parse ] --END-- [ RunTime:0.002002s ]
INFO: [ view_filter ] --START--
INFO: Run Behavior\WriteHtmlCacheBehavior [ RunTime:0.000085s ]
INFO: [ view_filter ] --END-- [ RunTime:0.000149s ]
INFO: [ app_end ] --START--
INFO: Run Behavior\ShowPageTraceBehavior [ RunTime:0.000168s ]
INFO: [ app_end ] --END-- [ RunTime:0.000232s ]

[ 2015-07-10T17:10:35+08:00 ] 127.0.0.1 /
INFO: [ app_init ] --START--
INFO: Run Behavior\BuildLiteBehavior [ RunTime:0.000018s ]
INFO: [ app_init ] --END-- [ RunTime:0.000145s ]
INFO: [ app_begin ] --START--
INFO: Run Behavior\ReadHtmlCacheBehavior [ RunTime:0.000089s ]
INFO: [ app_begin ] --END-- [ RunTime:0.000166s ]
NOTIC: [2048] Declaration of Home\Controller\IndexController::get() should be compatible with that of Think\Controller::get() /Users/mac/www/php/gold/Application/Home/Controller/IndexController.class.php 第 4 行.
INFO: [ view_parse ] --START--
INFO: Run Behavior\ParseTemplateBehavior [ RunTime:0.000146s ]
INFO: [ view_parse ] --END-- [ RunTime:0.000302s ]
INFO: [ view_filter ] --START--
INFO: Run Behavior\WriteHtmlCacheBehavior [ RunTime:0.000083s ]
INFO: [ view_filter ] --END-- [ RunTime:0.000156s ]
INFO: [ app_end ] --START--
INFO: Run Behavior\ShowPageTraceBehavior [ RunTime:0.000099s ]
INFO: [ app_end ] --END-- [ RunTime:0.000167s ]

[ 2015-07-10T17:10:45+08:00 ] 127.0.0.1 /home/index/get
INFO: [ app_init ] --START--
INFO: Run Behavior\BuildLiteBehavior [ RunTime:0.000015s ]
INFO: [ app_init ] --END-- [ RunTime:0.000168s ]
INFO: [ app_begin ] --START--
INFO: Run Behavior\ReadHtmlCacheBehavior [ RunTime:0.000100s ]
INFO: [ app_begin ] --END-- [ RunTime:0.000185s ]
NOTIC: [2048] Declaration of Home\Controller\IndexController::get() should be compatible with that of Think\Controller::get() /Users/mac/www/php/gold/Application/Home/Controller/IndexController.class.php 第 4 行.
ERR: 无法加载数据库驱动: Think\Db\Driver\

[ 2015-07-10T17:11:00+08:00 ] 127.0.0.1 /home/index/get
INFO: [ app_init ] --START--
INFO: Run Behavior\BuildLiteBehavior [ RunTime:0.000017s ]
INFO: [ app_init ] --END-- [ RunTime:0.000127s ]
INFO: [ app_begin ] --START--
INFO: Run Behavior\ReadHtmlCacheBehavior [ RunTime:0.000087s ]
INFO: [ app_begin ] --END-- [ RunTime:0.000164s ]
NOTIC: [2048] Declaration of Home\Controller\IndexController::get() should be compatible with that of Think\Controller::get() /Users/mac/www/php/gold/Application/Home/Controller/IndexController.class.php 第 4 行.
ERR: 无法加载数据库驱动: Think\Db\Driver\

[ 2015-07-10T17:11:01+08:00 ] 127.0.0.1 /home/index/get
INFO: [ app_init ] --START--
INFO: Run Behavior\BuildLiteBehavior [ RunTime:0.000017s ]
INFO: [ app_init ] --END-- [ RunTime:0.000138s ]
INFO: [ app_begin ] --START--
INFO: Run Behavior\ReadHtmlCacheBehavior [ RunTime:0.000070s ]
INFO: [ app_begin ] --END-- [ RunTime:0.000138s ]
NOTIC: [2048] Declaration of Home\Controller\IndexController::get() should be compatible with that of Think\Controller::get() /Users/mac/www/php/gold/Application/Home/Controller/IndexController.class.php 第 4 行.
ERR: 无法加载数据库驱动: Think\Db\Driver\

[ 2015-07-10T17:11:01+08:00 ] 127.0.0.1 /home/index/get
INFO: [ app_init ] --START--
INFO: Run Behavior\BuildLiteBehavior [ RunTime:0.000017s ]
INFO: [ app_init ] --END-- [ RunTime:0.000132s ]
INFO: [ app_begin ] --START--
INFO: Run Behavior\ReadHtmlCacheBehavior [ RunTime:0.000083s ]
INFO: [ app_begin ] --END-- [ RunTime:0.000169s ]
NOTIC: [2048] Declaration of Home\Controller\IndexController::get() should be compatible with that of Think\Controller::get() /Users/mac/www/php/gold/Application/Home/Controller/IndexController.class.php 第 4 行.
ERR: 无法加载数据库驱动: Think\Db\Driver\

[ 2015-07-10T17:12:09+08:00 ] 127.0.0.1 /home/index/get
INFO: [ app_init ] --START--
INFO: Run Behavior\BuildLiteBehavior [ RunTime:0.000017s ]
INFO: [ app_init ] --END-- [ RunTime:0.000128s ]
INFO: [ app_begin ] --START--
INFO: Run Behavior\ReadHtmlCacheBehavior [ RunTime:0.000084s ]
INFO: [ app_begin ] --END-- [ RunTime:0.000155s ]
NOTIC: [2048] Declaration of Home\Controller\IndexController::get() should be compatible with that of Think\Controller::get() /Users/mac/www/php/gold/Application/Home/Controller/IndexController.class.php 第 4 行.
ERR: 无法加载数据库驱动: Think\Db\Driver\

[ 2015-07-10T17:12:09+08:00 ] 127.0.0.1 /home/index/get
INFO: [ app_init ] --START--
INFO: Run Behavior\BuildLiteBehavior [ RunTime:0.000019s ]
INFO: [ app_init ] --END-- [ RunTime:0.000139s ]
INFO: [ app_begin ] --START--
INFO: Run Behavior\ReadHtmlCacheBehavior [ RunTime:0.000097s ]
INFO: [ app_begin ] --END-- [ RunTime:0.000199s ]
NOTIC: [2048] Declaration of Home\Controller\IndexController::get() should be compatible with that of Think\Controller::get() /Users/mac/www/php/gold/Application/Home/Controller/IndexController.class.php 第 4 行.
ERR: 无法加载数据库驱动: Think\Db\Driver\

[ 2015-07-10T17:12:10+08:00 ] 127.0.0.1 /home/index/get
INFO: [ app_init ] --START--
INFO: Run Behavior\BuildLiteBehavior [ RunTime:0.000018s ]
INFO: [ app_init ] --END-- [ RunTime:0.000164s ]
INFO: [ app_begin ] --START--
INFO: Run Behavior\ReadHtmlCacheBehavior [ RunTime:0.000079s ]
INFO: [ app_begin ] --END-- [ RunTime:0.000150s ]
NOTIC: [2048] Declaration of Home\Controller\IndexController::get() should be compatible with that of Think\Controller::get() /Users/mac/www/php/gold/Application/Home/Controller/IndexController.class.php 第 4 行.
ERR: 无法加载数据库驱动: Think\Db\Driver\

[ 2015-07-10T17:14:51+08:00 ] 127.0.0.1 /home/index/get
INFO: [ app_init ] --START--
INFO: Run Behavior\BuildLiteBehavior [ RunTime:0.000031s ]
INFO: [ app_init ] --END-- [ RunTime:0.000166s ]
INFO: [ app_begin ] --START--
INFO: Run Behavior\ReadHtmlCacheBehavior [ RunTime:0.000078s ]
INFO: [ app_begin ] --END-- [ RunTime:0.000157s ]
NOTIC: [2048] Declaration of Home\Controller\IndexController::get() should be compatible with that of Think\Controller::get() /Users/mac/www/php/gold/Application/Home/Controller/IndexController.class.php 第 4 行.
NOTIC: [2] PDO::__construct() [<a href='pdo.--construct'>pdo.--construct</a>]: [2002] Operation timed out (trying to connect via tcp://127.4.36.130:3306) /Users/mac/www/php/gold/ThinkPHP/Library/Think/Db/Driver.class.php 第 103 行.
ERR: SQLSTATE[HY000] [2002] Operation timed out

[ 2015-07-10T17:15:26+08:00 ] 127.0.0.1 /home/index/get
INFO: [ app_init ] --START--
INFO: Run Behavior\BuildLiteBehavior [ RunTime:0.000017s ]
INFO: [ app_init ] --END-- [ RunTime:0.000136s ]
INFO: [ app_begin ] --START--
INFO: Run Behavior\ReadHtmlCacheBehavior [ RunTime:0.000091s ]
INFO: [ app_begin ] --END-- [ RunTime:0.000173s ]
NOTIC: [2048] Declaration of Home\Controller\IndexController::get() should be compatible with that of Think\Controller::get() /Users/mac/www/php/gold/Application/Home/Controller/IndexController.class.php 第 4 行.
SQL: SHOW COLUMNS FROM `mall_admin_user` [ RunTime:0.0120s ]
SQL: SELECT * FROM `mall_admin_user`  [ RunTime:0.0009s ]
ERR: SQLSTATE[42S02]: Base table or view not found: 1146 Table 'mall.mall_mall_admin_user' doesn't exist
NOTIC: [2] Cannot modify header information - headers already sent by (output started at /Users/mac/www/php/gold/Application/Home/Controller/IndexController.class.php:10) /Users/mac/www/php/gold/ThinkPHP/Library/Think/Think.class.php 第 229 行.
NOTIC: [2] Cannot modify header information - headers already sent by (output started at /Users/mac/www/php/gold/Application/Home/Controller/IndexController.class.php:10) /Users/mac/www/php/gold/ThinkPHP/Library/Think/Think.class.php 第 230 行.

